<?xml version="1.0" encoding="UTF-8"?>
<!-- Generated by org.testng.reporters.JUnitXMLReporter -->
<testsuite ignored="3" hostname="LAPTOP-G4TED986" failures="0" tests="1" name="Default test" time="16.837" errors="0" timestamp="2024-08-01T20:14:10 IST">
  <testcase classname="testCases.Orange_homepg_testCase" name="login_test2" time="1.352"/>
  <testcase classname="testCases.Orange_homepg_testCase" name="logo_testing" time="0.0">
    <ignored/>
  </testcase> <!-- logo_testing -->
  <testcase classname="testCases.Orange_homepg_testCase" name="login_test1" time="0.0">
    <ignored/>
  </testcase> <!-- login_test1 -->
  <testcase classname="testCases.Orange_homepg_testCase" name="login_test" time="0.0">
    <ignored/>
  </testcase> <!-- login_test -->
</testsuite> <!-- Default test -->
